{
  "stats": {
    "suites": 1,
    "tests": 3,
    "passes": 0,
    "pending": 0,
    "failures": 3,
    "start": "2024-12-09T16:44:16.411Z",
    "end": "2024-12-09T16:44:17.390Z",
    "duration": 979,
    "testsRegistered": 3,
    "passPercent": 0,
    "pendingPercent": 0,
    "other": 0,
    "hasOther": false,
    "skipped": 0,
    "hasSkipped": false
  },
  "results": [
    {
      "uuid": "94291023-01d8-4f77-a8d1-882a178bcbb1",
      "title": "",
      "fullFile": "e2e\\Features\\SigupFlow.feature",
      "file": "e2e\\Features\\SigupFlow.feature",
      "beforeHooks": [],
      "afterHooks": [],
      "tests": [],
      "suites": [
        {
          "uuid": "98a26f3c-8b50-4f1d-8f9d-cf83769cba44",
          "title": "User can sign up and log in with valid and invalid credentials",
          "fullFile": "",
          "file": "",
          "beforeHooks": [],
          "afterHooks": [],
          "tests": [
            {
              "title": "User can create an account with valid data",
              "fullTitle": "User can sign up and log in with valid and invalid credentials User can create an account with valid data",
              "timedOut": null,
              "duration": 339,
              "state": "failed",
              "speed": null,
              "pass": false,
              "fail": true,
              "pending": false,
              "context": null,
              "code": "const state = window.testState;\nreturn cy\n  .then(() => state.onStartScenario(scenario, indexedSteps))\n  .then(() =>\n    resolveAndRunBeforeHooks.call(this, scenario.tags, state.feature.name)\n  )\n  .then(() =>\n    indexedSteps.forEach((step) =>\n      stepTest.call(this, state, step, rowData)\n    )\n  )\n  .then(() => state.onFinishScenario(scenario));",
              "err": {
                "message": "Error: Step implementation missing for: I navigate to the signup page",
                "estack": "Error: Step implementation missing for: I navigate to the signup page\n    at Context.resolveAndRunStepDefinition (../node_modules/cypress-cucumber-preprocessor/lib/resolveStepDefinition.js:199:0)\n    at Context.eval (../node_modules/cypress-cucumber-preprocessor/lib/createTestFromScenario.js:27:0)",
                "diff": null
              },
              "uuid": "ad330ae9-2d01-4dab-aa42-22879c236e59",
              "parentUUID": "98a26f3c-8b50-4f1d-8f9d-cf83769cba44",
              "isHook": false,
              "skipped": false
            },
            {
              "title": "User can log in with valid credentials",
              "fullTitle": "User can sign up and log in with valid and invalid credentials User can log in with valid credentials",
              "timedOut": null,
              "duration": 295,
              "state": "failed",
              "speed": null,
              "pass": false,
              "fail": true,
              "pending": false,
              "context": null,
              "code": "const state = window.testState;\nreturn cy\n  .then(() => state.onStartScenario(scenario, indexedSteps))\n  .then(() =>\n    resolveAndRunBeforeHooks.call(this, scenario.tags, state.feature.name)\n  )\n  .then(() =>\n    indexedSteps.forEach((step) =>\n      stepTest.call(this, state, step, rowData)\n    )\n  )\n  .then(() => state.onFinishScenario(scenario));",
              "err": {
                "message": "Error: Step implementation missing for: I navigate to the CustomerLogin page",
                "estack": "Error: Step implementation missing for: I navigate to the CustomerLogin page\n    at Context.resolveAndRunStepDefinition (../node_modules/cypress-cucumber-preprocessor/lib/resolveStepDefinition.js:199:0)\n    at Context.eval (../node_modules/cypress-cucumber-preprocessor/lib/createTestFromScenario.js:27:0)",
                "diff": null
              },
              "uuid": "814874b9-28b0-4993-b998-4e7187a767be",
              "parentUUID": "98a26f3c-8b50-4f1d-8f9d-cf83769cba44",
              "isHook": false,
              "skipped": false
            },
            {
              "title": "User cannot log in with invalid credentials",
              "fullTitle": "User can sign up and log in with valid and invalid credentials User cannot log in with invalid credentials",
              "timedOut": null,
              "duration": 203,
              "state": "failed",
              "speed": null,
              "pass": false,
              "fail": true,
              "pending": false,
              "context": null,
              "code": "const state = window.testState;\nreturn cy\n  .then(() => state.onStartScenario(scenario, indexedSteps))\n  .then(() =>\n    resolveAndRunBeforeHooks.call(this, scenario.tags, state.feature.name)\n  )\n  .then(() =>\n    indexedSteps.forEach((step) =>\n      stepTest.call(this, state, step, rowData)\n    )\n  )\n  .then(() => state.onFinishScenario(scenario));",
              "err": {
                "message": "Error: Step implementation missing for: I navigate to the login page",
                "estack": "Error: Step implementation missing for: I navigate to the login page\n    at Context.resolveAndRunStepDefinition (../node_modules/cypress-cucumber-preprocessor/lib/resolveStepDefinition.js:199:0)\n    at Context.eval (../node_modules/cypress-cucumber-preprocessor/lib/createTestFromScenario.js:27:0)",
                "diff": null
              },
              "uuid": "307038b8-2a9f-4b17-9b5a-68fb24a1bc8f",
              "parentUUID": "98a26f3c-8b50-4f1d-8f9d-cf83769cba44",
              "isHook": false,
              "skipped": false
            }
          ],
          "suites": [],
          "passes": [],
          "failures": [
            "ad330ae9-2d01-4dab-aa42-22879c236e59",
            "814874b9-28b0-4993-b998-4e7187a767be",
            "307038b8-2a9f-4b17-9b5a-68fb24a1bc8f"
          ],
          "pending": [],
          "skipped": [],
          "duration": 837,
          "root": false,
          "rootEmpty": false,
          "_timeout": 2000
        }
      ],
      "passes": [],
      "failures": [],
      "pending": [],
      "skipped": [],
      "duration": 0,
      "root": true,
      "rootEmpty": true,
      "_timeout": 2000
    }
  ],
  "meta": {
    "mocha": {
      "version": "7.0.1"
    },
    "mochawesome": {
      "options": {
        "quiet": false,
        "reportFilename": "mochawesome",
        "saveHtml": true,
        "saveJson": true,
        "consoleReporter": "spec",
        "useInlineDiffs": false,
        "code": true
      },
      "version": "7.1.3"
    },
    "marge": {
      "options": {
        "reportDir": "cypress/reports",
        "overwrite": true,
        "html": true,
        "json": true
      },
      "version": "6.2.0"
    }
  }
}